<?xml version="1.0" encoding="UTF-8"?>
<!-- Generated by org.testng.reporters.JUnitXMLReporter -->
<testsuite ignored="0" hostname="CPC-sthot-WFR7W" failures="0" tests="8" name="Test2" time="0.106" errors="0" timestamp="2024-09-30T10:16:49 IST">
  <testcase classname="suiteclasslevelexecution.ClasssA" name="first" time="0.002"/>
  <testcase classname="suiteclasslevelexecution.ClasssA" name="second" time="0.001"/>
  <testcase classname="suiteclasslevelexecution.ClassD" name="four" time="0.004"/>
  <testcase classname="suiteclasslevelexecution.ClassD" name="first" time="0.018"/>
  <testcase classname="suiteclasslevelexecution.ClassD" name="three" time="0.002"/>
  <testcase classname="suiteclasslevelexecution.ClassD" name="second" time="0.002"/>
  <testcase classname="suiteclasslevelexecution.ClasssA" name="four" time="0.071"/>
  <testcase classname="suiteclasslevelexecution.ClasssA" name="three" time="0.057"/>
</testsuite> <!-- Test2 -->
