<?xml version="1.0" encoding="UTF-8"?>
<!-- Generated by org.testng.reporters.JUnitXMLReporter -->
<testsuite ignored="0" hostname="CPC-sthot-WFR7W" failures="0" tests="8" name="Test" time="0.214" errors="0" timestamp="2024-09-30T10:16:49 IST">
  <testcase classname="suiteclasslevelexecution.ClassC" name="first" time="0.012"/>
  <testcase classname="suiteclasslevelexecution.ClassC" name="second" time="0.029"/>
  <testcase classname="suiteclasslevelexecution.ClassB" name="four" time="0.003"/>
  <testcase classname="suiteclasslevelexecution.ClassB" name="second" time="0.003"/>
  <testcase classname="suiteclasslevelexecution.ClassB" name="three" time="0.005"/>
  <testcase classname="suiteclasslevelexecution.ClassC" name="three" time="0.077"/>
  <testcase classname="suiteclasslevelexecution.ClassC" name="four" time="0.005"/>
  <testcase classname="suiteclasslevelexecution.ClassB" name="first" time="0.004"/>
</testsuite> <!-- Test -->
