<?xml version="1.0" encoding="UTF-8"?>
<!-- Generated by org.testng.reporters.JUnitXMLReporter -->
<testsuite ignored="0" hostname="CPC-sthot-WFR7W" failures="0" tests="8" name="Testlevel0" time="0.061" errors="0" timestamp="2024-09-27T14:38:29 IST">
  <testcase classname="suiteclasslevelexecution.ClasssA" name="first" time="0.002"/>
  <testcase classname="suiteclasslevelexecution.ClasssA" name="four" time="0.001"/>
  <testcase classname="suiteclasslevelexecution.ClasssA" name="second" time="0.002"/>
  <testcase classname="suiteclasslevelexecution.ClasssA" name="three" time="0.003"/>
  <testcase classname="suiteclasslevelexecution.ClassD" name="first" time="0.002"/>
  <testcase classname="suiteclasslevelexecution.ClassD" name="four" time="0.001"/>
  <testcase classname="suiteclasslevelexecution.ClassD" name="second" time="0.0"/>
  <testcase classname="suiteclasslevelexecution.ClassD" name="three" time="0.007"/>
</testsuite> <!-- Testlevel0 -->
