<?xml version="1.0" encoding="UTF-8"?>
<!-- Generated by org.testng.reporters.JUnitXMLReporter -->
<testsuite ignored="0" hostname="CPC-sthot-WFR7W" failures="0" tests="8" name="Testlevel" time="0.161" errors="0" timestamp="2024-09-27T14:38:29 IST">
  <testcase classname="suiteclasslevelexecution.ClassC" name="first" time="0.011"/>
  <testcase classname="suiteclasslevelexecution.ClassC" name="four" time="0.004"/>
  <testcase classname="suiteclasslevelexecution.ClassC" name="second" time="0.003"/>
  <testcase classname="suiteclasslevelexecution.ClassC" name="three" time="0.004"/>
  <testcase classname="suiteclasslevelexecution.ClassB" name="first" time="0.008"/>
  <testcase classname="suiteclasslevelexecution.ClassB" name="four" time="0.003"/>
  <testcase classname="suiteclasslevelexecution.ClassB" name="second" time="0.003"/>
  <testcase classname="suiteclasslevelexecution.ClassB" name="three" time="0.007"/>
</testsuite> <!-- Testlevel -->
